{
  "/Users/princesanchez/canvas/canvas_modules/harness/src/client/constants/properties-documentation-constants.js": {
    "path": "/Users/princesanchez/canvas/canvas_modules/harness/src/client/constants/properties-documentation-constants.js",
    "statementMap": {
      "0": {
        "start": {
          "line": 22,
          "column": 1
        },
        "end": {
          "line": 26,
          "column": 4
        }
      },
      "1": {
        "start": {
          "line": 29,
          "column": 15
        },
        "end": {
          "line": 147,
          "column": 1
        }
      },
      "2": {
        "start": {
          "line": 148,
          "column": 16
        },
        "end": {
          "line": 185,
          "column": 1
        }
      },
      "3": {
        "start": {
          "line": 188,
          "column": 0
        },
        "end": {
          "line": 191,
          "column": 8
        }
      },
      "4": {
        "start": {
          "line": 193,
          "column": 0
        },
        "end": {
          "line": 196,
          "column": 6
        }
      },
      "5": {
        "start": {
          "line": 198,
          "column": 0
        },
        "end": {
          "line": 200,
          "column": 6
        }
      },
      "6": {
        "start": {
          "line": 202,
          "column": 0
        },
        "end": {
          "line": 206,
          "column": 6
        }
      },
      "7": {
        "start": {
          "line": 208,
          "column": 0
        },
        "end": {
          "line": 272,
          "column": 3
        }
      },
      "8": {
        "start": {
          "line": 273,
          "column": 0
        },
        "end": {
          "line": 341,
          "column": 3
        }
      },
      "9": {
        "start": {
          "line": 342,
          "column": 0
        },
        "end": {
          "line": 416,
          "column": 3
        }
      },
      "10": {
        "start": {
          "line": 417,
          "column": 0
        },
        "end": {
          "line": 506,
          "column": 3
        }
      },
      "11": {
        "start": {
          "line": 507,
          "column": 0
        },
        "end": {
          "line": 649,
          "column": 3
        }
      },
      "12": {
        "start": {
          "line": 650,
          "column": 0
        },
        "end": {
          "line": 794,
          "column": 3
        }
      },
      "13": {
        "start": {
          "line": 796,
          "column": 0
        },
        "end": {
          "line": 988,
          "column": 3
        }
      },
      "14": {
        "start": {
          "line": 989,
          "column": 0
        },
        "end": {
          "line": 1101,
          "column": 3
        }
      },
      "15": {
        "start": {
          "line": 1102,
          "column": 0
        },
        "end": {
          "line": 1160,
          "column": 3
        }
      },
      "16": {
        "start": {
          "line": 1161,
          "column": 0
        },
        "end": {
          "line": 1187,
          "column": 3
        }
      },
      "17": {
        "start": {
          "line": 1188,
          "column": 0
        },
        "end": {
          "line": 1296,
          "column": 3
        }
      },
      "18": {
        "start": {
          "line": 1297,
          "column": 0
        },
        "end": {
          "line": 1361,
          "column": 3
        }
      },
      "19": {
        "start": {
          "line": 1363,
          "column": 0
        },
        "end": {
          "line": 1409,
          "column": 3
        }
      },
      "20": {
        "start": {
          "line": 1411,
          "column": 0
        },
        "end": {
          "line": 1462,
          "column": 3
        }
      },
      "21": {
        "start": {
          "line": 1463,
          "column": 0
        },
        "end": {
          "line": 1513,
          "column": 3
        }
      },
      "22": {
        "start": {
          "line": 1514,
          "column": 0
        },
        "end": {
          "line": 1560,
          "column": 3
        }
      },
      "23": {
        "start": {
          "line": 1561,
          "column": 0
        },
        "end": {
          "line": 1608,
          "column": 3
        }
      },
      "24": {
        "start": {
          "line": 1609,
          "column": 0
        },
        "end": {
          "line": 1729,
          "column": 3
        }
      },
      "25": {
        "start": {
          "line": 1730,
          "column": 0
        },
        "end": {
          "line": 1849,
          "column": 3
        }
      },
      "26": {
        "start": {
          "line": 1850,
          "column": 0
        },
        "end": {
          "line": 1894,
          "column": 3
        }
      },
      "27": {
        "start": {
          "line": 1895,
          "column": 0
        },
        "end": {
          "line": 1939,
          "column": 3
        }
      },
      "28": {
        "start": {
          "line": 1940,
          "column": 0
        },
        "end": {
          "line": 1986,
          "column": 3
        }
      },
      "29": {
        "start": {
          "line": 1987,
          "column": 0
        },
        "end": {
          "line": 2035,
          "column": 3
        }
      },
      "30": {
        "start": {
          "line": 2036,
          "column": 0
        },
        "end": {
          "line": 2096,
          "column": 3
        }
      },
      "31": {
        "start": {
          "line": 2097,
          "column": 0
        },
        "end": {
          "line": 2137,
          "column": 3
        }
      },
      "32": {
        "start": {
          "line": 2138,
          "column": 0
        },
        "end": {
          "line": 2178,
          "column": 3
        }
      },
      "33": {
        "start": {
          "line": 2179,
          "column": 0
        },
        "end": {
          "line": 2224,
          "column": 3
        }
      },
      "34": {
        "start": {
          "line": 2225,
          "column": 0
        },
        "end": {
          "line": 2274,
          "column": 3
        }
      },
      "35": {
        "start": {
          "line": 2275,
          "column": 0
        },
        "end": {
          "line": 2324,
          "column": 3
        }
      },
      "36": {
        "start": {
          "line": 2325,
          "column": 0
        },
        "end": {
          "line": 2373,
          "column": 3
        }
      },
      "37": {
        "start": {
          "line": 2374,
          "column": 0
        },
        "end": {
          "line": 2425,
          "column": 3
        }
      },
      "38": {
        "start": {
          "line": 2426,
          "column": 0
        },
        "end": {
          "line": 2476,
          "column": 3
        }
      },
      "39": {
        "start": {
          "line": 2477,
          "column": 0
        },
        "end": {
          "line": 2530,
          "column": 3
        }
      },
      "40": {
        "start": {
          "line": 2531,
          "column": 0
        },
        "end": {
          "line": 2584,
          "column": 3
        }
      },
      "41": {
        "start": {
          "line": 2585,
          "column": 0
        },
        "end": {
          "line": 2639,
          "column": 3
        }
      },
      "42": {
        "start": {
          "line": 2640,
          "column": 0
        },
        "end": {
          "line": 2695,
          "column": 3
        }
      },
      "43": {
        "start": {
          "line": 2696,
          "column": 0
        },
        "end": {
          "line": 2745,
          "column": 3
        }
      },
      "44": {
        "start": {
          "line": 2746,
          "column": 0
        },
        "end": {
          "line": 2796,
          "column": 3
        }
      },
      "45": {
        "start": {
          "line": 2797,
          "column": 0
        },
        "end": {
          "line": 2850,
          "column": 3
        }
      },
      "46": {
        "start": {
          "line": 2851,
          "column": 0
        },
        "end": {
          "line": 2905,
          "column": 3
        }
      },
      "47": {
        "start": {
          "line": 2906,
          "column": 0
        },
        "end": {
          "line": 2968,
          "column": 3
        }
      },
      "48": {
        "start": {
          "line": 2969,
          "column": 0
        },
        "end": {
          "line": 3025,
          "column": 3
        }
      },
      "49": {
        "start": {
          "line": 3026,
          "column": 0
        },
        "end": {
          "line": 3073,
          "column": 3
        }
      },
      "50": {
        "start": {
          "line": 3074,
          "column": 0
        },
        "end": {
          "line": 3135,
          "column": 3
        }
      },
      "51": {
        "start": {
          "line": 3136,
          "column": 0
        },
        "end": {
          "line": 3188,
          "column": 3
        }
      },
      "52": {
        "start": {
          "line": 3189,
          "column": 0
        },
        "end": {
          "line": 3236,
          "column": 3
        }
      },
      "53": {
        "start": {
          "line": 3237,
          "column": 0
        },
        "end": {
          "line": 3293,
          "column": 3
        }
      },
      "54": {
        "start": {
          "line": 3294,
          "column": 0
        },
        "end": {
          "line": 3343,
          "column": 3
        }
      },
      "55": {
        "start": {
          "line": 3345,
          "column": 0
        },
        "end": {
          "line": 3386,
          "column": 3
        }
      },
      "56": {
        "start": {
          "line": 3387,
          "column": 0
        },
        "end": {
          "line": 3440,
          "column": 3
        }
      },
      "57": {
        "start": {
          "line": 3442,
          "column": 0
        },
        "end": {
          "line": 3595,
          "column": 3
        }
      },
      "58": {
        "start": {
          "line": 3596,
          "column": 0
        },
        "end": {
          "line": 3689,
          "column": 3
        }
      },
      "59": {
        "start": {
          "line": 3690,
          "column": 0
        },
        "end": {
          "line": 3775,
          "column": 3
        }
      },
      "60": {
        "start": {
          "line": 3776,
          "column": 0
        },
        "end": {
          "line": 3869,
          "column": 3
        }
      },
      "61": {
        "start": {
          "line": 3870,
          "column": 0
        },
        "end": {
          "line": 4019,
          "column": 3
        }
      },
      "62": {
        "start": {
          "line": 4020,
          "column": 0
        },
        "end": {
          "line": 4166,
          "column": 3
        }
      },
      "63": {
        "start": {
          "line": 4167,
          "column": 0
        },
        "end": {
          "line": 4312,
          "column": 3
        }
      },
      "64": {
        "start": {
          "line": 4313,
          "column": 0
        },
        "end": {
          "line": 4397,
          "column": 3
        }
      },
      "65": {
        "start": {
          "line": 4398,
          "column": 0
        },
        "end": {
          "line": 4498,
          "column": 3
        }
      },
      "66": {
        "start": {
          "line": 4499,
          "column": 0
        },
        "end": {
          "line": 4593,
          "column": 3
        }
      },
      "67": {
        "start": {
          "line": 4594,
          "column": 0
        },
        "end": {
          "line": 4689,
          "column": 3
        }
      },
      "68": {
        "start": {
          "line": 4690,
          "column": 0
        },
        "end": {
          "line": 4784,
          "column": 3
        }
      },
      "69": {
        "start": {
          "line": 4785,
          "column": 0
        },
        "end": {
          "line": 5069,
          "column": 3
        }
      },
      "70": {
        "start": {
          "line": 5070,
          "column": 0
        },
        "end": {
          "line": 5180,
          "column": 3
        }
      },
      "71": {
        "start": {
          "line": 5181,
          "column": 0
        },
        "end": {
          "line": 5292,
          "column": 3
        }
      },
      "72": {
        "start": {
          "line": 5295,
          "column": 0
        },
        "end": {
          "line": 5385,
          "column": 3
        }
      },
      "73": {
        "start": {
          "line": 5387,
          "column": 0
        },
        "end": {
          "line": 5462,
          "column": 3
        }
      }
    },
    "fnMap": {
      "0": {
        "name": "_defineConstant",
        "decl": {
          "start": {
            "line": 21,
            "column": 9
          },
          "end": {
            "line": 21,
            "column": 24
          }
        },
        "loc": {
          "start": {
            "line": 21,
            "column": 36
          },
          "end": {
            "line": 27,
            "column": 1
          }
        },
        "line": 21
      }
    },
    "branchMap": {},
    "s": {
      "0": 23643,
      "1": 333,
      "2": 333,
      "3": 333,
      "4": 333,
      "5": 333,
      "6": 333,
      "7": 333,
      "8": 333,
      "9": 333,
      "10": 333,
      "11": 333,
      "12": 333,
      "13": 333,
      "14": 333,
      "15": 333,
      "16": 333,
      "17": 333,
      "18": 333,
      "19": 333,
      "20": 333,
      "21": 333,
      "22": 333,
      "23": 333,
      "24": 333,
      "25": 333,
      "26": 333,
      "27": 333,
      "28": 333,
      "29": 333,
      "30": 333,
      "31": 333,
      "32": 333,
      "33": 333,
      "34": 333,
      "35": 333,
      "36": 333,
      "37": 333,
      "38": 333,
      "39": 333,
      "40": 333,
      "41": 333,
      "42": 333,
      "43": 333,
      "44": 333,
      "45": 333,
      "46": 333,
      "47": 333,
      "48": 333,
      "49": 333,
      "50": 333,
      "51": 333,
      "52": 333,
      "53": 333,
      "54": 333,
      "55": 333,
      "56": 333,
      "57": 333,
      "58": 333,
      "59": 333,
      "60": 333,
      "61": 333,
      "62": 333,
      "63": 333,
      "64": 333,
      "65": 333,
      "66": 333,
      "67": 333,
      "68": 333,
      "69": 333,
      "70": 333,
      "71": 333,
      "72": 333,
      "73": 333
    },
    "f": {
      "0": 23643
    },
    "b": {},
    "_coverageSchema": "1a1c01bbd47fc00a2c39e90264f33305004495a9",
    "hash": "e17ad9175cf66318c467e833fced5f0818f1317e"
  },
  "/Users/princesanchez/canvas/canvas_modules/harness/src/common-canvas-dev.js": {
    "path": "/Users/princesanchez/canvas/canvas_modules/harness/src/common-canvas-dev.js",
    "statementMap": {},
    "fnMap": {},
    "branchMap": {},
    "s": {},
    "f": {},
    "b": {},
    "_coverageSchema": "1a1c01bbd47fc00a2c39e90264f33305004495a9",
    "hash": "1060af29e90a3323c6bbe81c03f27e535218241c"
  },
  "/Users/princesanchez/canvas/canvas_modules/harness/src/client/constants/conditions-documentation-constants.js": {
    "path": "/Users/princesanchez/canvas/canvas_modules/harness/src/client/constants/conditions-documentation-constants.js",
    "statementMap": {
      "0": {
        "start": {
          "line": 22,
          "column": 1
        },
        "end": {
          "line": 26,
          "column": 4
        }
      },
      "1": {
        "start": {
          "line": 29,
          "column": 15
        },
        "end": {
          "line": 93,
          "column": 1
        }
      },
      "2": {
        "start": {
          "line": 96,
          "column": 0
        },
        "end": {
          "line": 175,
          "column": 3
        }
      },
      "3": {
        "start": {
          "line": 176,
          "column": 0
        },
        "end": {
          "line": 255,
          "column": 3
        }
      },
      "4": {
        "start": {
          "line": 256,
          "column": 0
        },
        "end": {
          "line": 323,
          "column": 3
        }
      },
      "5": {
        "start": {
          "line": 324,
          "column": 0
        },
        "end": {
          "line": 391,
          "column": 3
        }
      },
      "6": {
        "start": {
          "line": 392,
          "column": 0
        },
        "end": {
          "line": 458,
          "column": 3
        }
      },
      "7": {
        "start": {
          "line": 459,
          "column": 0
        },
        "end": {
          "line": 521,
          "column": 3
        }
      },
      "8": {
        "start": {
          "line": 522,
          "column": 0
        },
        "end": {
          "line": 584,
          "column": 3
        }
      },
      "9": {
        "start": {
          "line": 585,
          "column": 0
        },
        "end": {
          "line": 651,
          "column": 3
        }
      },
      "10": {
        "start": {
          "line": 652,
          "column": 0
        },
        "end": {
          "line": 737,
          "column": 3
        }
      },
      "11": {
        "start": {
          "line": 738,
          "column": 0
        },
        "end": {
          "line": 804,
          "column": 3
        }
      },
      "12": {
        "start": {
          "line": 805,
          "column": 0
        },
        "end": {
          "line": 915,
          "column": 3
        }
      },
      "13": {
        "start": {
          "line": 916,
          "column": 0
        },
        "end": {
          "line": 996,
          "column": 3
        }
      },
      "14": {
        "start": {
          "line": 997,
          "column": 0
        },
        "end": {
          "line": 1065,
          "column": 3
        }
      },
      "15": {
        "start": {
          "line": 1066,
          "column": 0
        },
        "end": {
          "line": 1148,
          "column": 3
        }
      },
      "16": {
        "start": {
          "line": 1149,
          "column": 0
        },
        "end": {
          "line": 1220,
          "column": 3
        }
      },
      "17": {
        "start": {
          "line": 1221,
          "column": 0
        },
        "end": {
          "line": 1291,
          "column": 3
        }
      },
      "18": {
        "start": {
          "line": 1292,
          "column": 0
        },
        "end": {
          "line": 1363,
          "column": 3
        }
      },
      "19": {
        "start": {
          "line": 1364,
          "column": 0
        },
        "end": {
          "line": 1436,
          "column": 3
        }
      },
      "20": {
        "start": {
          "line": 1437,
          "column": 0
        },
        "end": {
          "line": 1505,
          "column": 3
        }
      },
      "21": {
        "start": {
          "line": 1506,
          "column": 0
        },
        "end": {
          "line": 1578,
          "column": 3
        }
      },
      "22": {
        "start": {
          "line": 1579,
          "column": 0
        },
        "end": {
          "line": 1646,
          "column": 3
        }
      },
      "23": {
        "start": {
          "line": 1647,
          "column": 0
        },
        "end": {
          "line": 1714,
          "column": 3
        }
      },
      "24": {
        "start": {
          "line": 1715,
          "column": 0
        },
        "end": {
          "line": 1894,
          "column": 3
        }
      },
      "25": {
        "start": {
          "line": 1895,
          "column": 0
        },
        "end": {
          "line": 2043,
          "column": 3
        }
      },
      "26": {
        "start": {
          "line": 2044,
          "column": 0
        },
        "end": {
          "line": 2151,
          "column": 3
        }
      },
      "27": {
        "start": {
          "line": 2152,
          "column": 0
        },
        "end": {
          "line": 2309,
          "column": 3
        }
      },
      "28": {
        "start": {
          "line": 2311,
          "column": 0
        },
        "end": {
          "line": 2396,
          "column": 3
        }
      },
      "29": {
        "start": {
          "line": 2397,
          "column": 0
        },
        "end": {
          "line": 2492,
          "column": 3
        }
      },
      "30": {
        "start": {
          "line": 2493,
          "column": 0
        },
        "end": {
          "line": 2586,
          "column": 3
        }
      },
      "31": {
        "start": {
          "line": 2588,
          "column": 0
        },
        "end": {
          "line": 2704,
          "column": 3
        }
      },
      "32": {
        "start": {
          "line": 2706,
          "column": 0
        },
        "end": {
          "line": 2819,
          "column": 3
        }
      },
      "33": {
        "start": {
          "line": 2821,
          "column": 0
        },
        "end": {
          "line": 2913,
          "column": 3
        }
      },
      "34": {
        "start": {
          "line": 2915,
          "column": 0
        },
        "end": {
          "line": 3132,
          "column": 3
        }
      },
      "35": {
        "start": {
          "line": 3134,
          "column": 0
        },
        "end": {
          "line": 3521,
          "column": 3
        }
      },
      "36": {
        "start": {
          "line": 3522,
          "column": 0
        },
        "end": {
          "line": 3645,
          "column": 3
        }
      },
      "37": {
        "start": {
          "line": 3646,
          "column": 0
        },
        "end": {
          "line": 3905,
          "column": 3
        }
      },
      "38": {
        "start": {
          "line": 3906,
          "column": 0
        },
        "end": {
          "line": 4108,
          "column": 3
        }
      },
      "39": {
        "start": {
          "line": 4109,
          "column": 0
        },
        "end": {
          "line": 4470,
          "column": 3
        }
      },
      "40": {
        "start": {
          "line": 4471,
          "column": 0
        },
        "end": {
          "line": 4644,
          "column": 3
        }
      },
      "41": {
        "start": {
          "line": 4647,
          "column": 0
        },
        "end": {
          "line": 5034,
          "column": 3
        }
      },
      "42": {
        "start": {
          "line": 5035,
          "column": 0
        },
        "end": {
          "line": 5158,
          "column": 3
        }
      },
      "43": {
        "start": {
          "line": 5159,
          "column": 0
        },
        "end": {
          "line": 5418,
          "column": 3
        }
      },
      "44": {
        "start": {
          "line": 5419,
          "column": 0
        },
        "end": {
          "line": 5621,
          "column": 3
        }
      },
      "45": {
        "start": {
          "line": 5622,
          "column": 0
        },
        "end": {
          "line": 5983,
          "column": 3
        }
      },
      "46": {
        "start": {
          "line": 5984,
          "column": 0
        },
        "end": {
          "line": 6157,
          "column": 3
        }
      }
    },
    "fnMap": {
      "0": {
        "name": "_defineConstant",
        "decl": {
          "start": {
            "line": 21,
            "column": 9
          },
          "end": {
            "line": 21,
            "column": 24
          }
        },
        "loc": {
          "start": {
            "line": 21,
            "column": 36
          },
          "end": {
            "line": 27,
            "column": 1
          }
        },
        "line": 21
      }
    },
    "branchMap": {},
    "s": {
      "0": 14985,
      "1": 333,
      "2": 333,
      "3": 333,
      "4": 333,
      "5": 333,
      "6": 333,
      "7": 333,
      "8": 333,
      "9": 333,
      "10": 333,
      "11": 333,
      "12": 333,
      "13": 333,
      "14": 333,
      "15": 333,
      "16": 333,
      "17": 333,
      "18": 333,
      "19": 333,
      "20": 333,
      "21": 333,
      "22": 333,
      "23": 333,
      "24": 333,
      "25": 333,
      "26": 333,
      "27": 333,
      "28": 333,
      "29": 333,
      "30": 333,
      "31": 333,
      "32": 333,
      "33": 333,
      "34": 333,
      "35": 333,
      "36": 333,
      "37": 333,
      "38": 333,
      "39": 333,
      "40": 333,
      "41": 333,
      "42": 333,
      "43": 333,
      "44": 333,
      "45": 333,
      "46": 333
    },
    "f": {
      "0": 14985
    },
    "b": {},
    "_coverageSchema": "1a1c01bbd47fc00a2c39e90264f33305004495a9",
    "hash": "d2d8f9aee78f84279a809d30c874be31d9ffa89e"
  },
  "/Users/princesanchez/canvas/canvas_modules/harness/src/intl/intl-utils.js": {
    "path": "/Users/princesanchez/canvas/canvas_modules/harness/src/intl/intl-utils.js",
    "statementMap": {
      "0": {
        "start": {
          "line": 18,
          "column": 18
        },
        "end": {
          "line": 18,
          "column": 20
        }
      },
      "1": {
        "start": {
          "line": 19,
          "column": 1
        },
        "end": {
          "line": 21,
          "column": 2
        }
      },
      "2": {
        "start": {
          "line": 20,
          "column": 2
        },
        "end": {
          "line": 20,
          "column": 42
        }
      },
      "3": {
        "start": {
          "line": 22,
          "column": 1
        },
        "end": {
          "line": 22,
          "column": 17
        }
      }
    },
    "fnMap": {
      "0": {
        "name": "_getMessages",
        "decl": {
          "start": {
            "line": 17,
            "column": 9
          },
          "end": {
            "line": 17,
            "column": 21
          }
        },
        "loc": {
          "start": {
            "line": 17,
            "column": 39
          },
          "end": {
            "line": 23,
            "column": 1
          }
        },
        "line": 17
      }
    },
    "branchMap": {},
    "s": {
      "0": 333,
      "1": 333,
      "2": 1998,
      "3": 333
    },
    "f": {
      "0": 333
    },
    "b": {},
    "_coverageSchema": "1a1c01bbd47fc00a2c39e90264f33305004495a9",
    "hash": "e25792e8304f3730f3b4029a659ab2c0ad74d27d"
  },
  "/Users/princesanchez/canvas/canvas_modules/harness/src/intl/locales/index.js": {
    "path": "/Users/princesanchez/canvas/canvas_modules/harness/src/intl/locales/index.js",
    "statementMap": {
      "0": {
        "start": {
          "line": 17,
          "column": 11
        },
        "end": {
          "line": 17,
          "column": 31
        }
      },
      "1": {
        "start": {
          "line": 18,
          "column": 11
        },
        "end": {
          "line": 18,
          "column": 31
        }
      },
      "2": {
        "start": {
          "line": 19,
          "column": 11
        },
        "end": {
          "line": 19,
          "column": 31
        }
      },
      "3": {
        "start": {
          "line": 20,
          "column": 11
        },
        "end": {
          "line": 20,
          "column": 31
        }
      },
      "4": {
        "start": {
          "line": 21,
          "column": 11
        },
        "end": {
          "line": 21,
          "column": 31
        }
      },
      "5": {
        "start": {
          "line": 22,
          "column": 13
        },
        "end": {
          "line": 22,
          "column": 33
        }
      },
      "6": {
        "start": {
          "line": 23,
          "column": 11
        },
        "end": {
          "line": 23,
          "column": 31
        }
      },
      "7": {
        "start": {
          "line": 24,
          "column": 13
        },
        "end": {
          "line": 24,
          "column": 36
        }
      },
      "8": {
        "start": {
          "line": 25,
          "column": 13
        },
        "end": {
          "line": 25,
          "column": 36
        }
      },
      "9": {
        "start": {
          "line": 26,
          "column": 11
        },
        "end": {
          "line": 26,
          "column": 31
        }
      },
      "10": {
        "start": {
          "line": 27,
          "column": 11
        },
        "end": {
          "line": 27,
          "column": 31
        }
      },
      "11": {
        "start": {
          "line": 29,
          "column": 0
        },
        "end": {
          "line": 41,
          "column": 2
        }
      }
    },
    "fnMap": {},
    "branchMap": {},
    "s": {
      "0": 333,
      "1": 333,
      "2": 333,
      "3": 333,
      "4": 333,
      "5": 333,
      "6": 333,
      "7": 333,
      "8": 333,
      "9": 333,
      "10": 333,
      "11": 333
    },
    "f": {},
    "b": {},
    "_coverageSchema": "1a1c01bbd47fc00a2c39e90264f33305004495a9",
    "hash": "f3f7616b87fe37f713d7da077068e1af2462ca03"
  },
  "/Users/princesanchez/canvas/canvas_modules/harness/src/client/services/FormsService.js": {
    "path": "/Users/princesanchez/canvas/canvas_modules/harness/src/client/services/FormsService.js",
    "statementMap": {
      "0": {
        "start": {
          "line": 20,
          "column": 12
        },
        "end": {
          "line": 20,
          "column": 44
        }
      },
      "1": {
        "start": {
          "line": 21,
          "column": 13
        },
        "end": {
          "line": 21,
          "column": 17
        }
      },
      "2": {
        "start": {
          "line": 22,
          "column": 16
        },
        "end": {
          "line": 26,
          "column": 3
        }
      },
      "3": {
        "start": {
          "line": 27,
          "column": 2
        },
        "end": {
          "line": 34,
          "column": 4
        }
      },
      "4": {
        "start": {
          "line": 38,
          "column": 12
        },
        "end": {
          "line": 38,
          "column": 66
        }
      },
      "5": {
        "start": {
          "line": 39,
          "column": 13
        },
        "end": {
          "line": 39,
          "column": 17
        }
      },
      "6": {
        "start": {
          "line": 40,
          "column": 16
        },
        "end": {
          "line": 44,
          "column": 3
        }
      },
      "7": {
        "start": {
          "line": 45,
          "column": 2
        },
        "end": {
          "line": 52,
          "column": 4
        }
      },
      "8": {
        "start": {
          "line": 56,
          "column": 2
        },
        "end": {
          "line": 65,
          "column": 6
        }
      },
      "9": {
        "start": {
          "line": 57,
          "column": 3
        },
        "end": {
          "line": 59,
          "column": 4
        }
      },
      "10": {
        "start": {
          "line": 58,
          "column": 4
        },
        "end": {
          "line": 58,
          "column": 74
        }
      },
      "11": {
        "start": {
          "line": 60,
          "column": 3
        },
        "end": {
          "line": 60,
          "column": 26
        }
      },
      "12": {
        "start": {
          "line": 63,
          "column": 4
        },
        "end": {
          "line": 63,
          "column": 22
        }
      },
      "13": {
        "start": {
          "line": 64,
          "column": 4
        },
        "end": {
          "line": 64,
          "column": 14
        }
      }
    },
    "fnMap": {
      "0": {
        "name": "(anonymous_0)",
        "decl": {
          "start": {
            "line": 19,
            "column": 1
          },
          "end": {
            "line": 19,
            "column": 2
          }
        },
        "loc": {
          "start": {
            "line": 19,
            "column": 16
          },
          "end": {
            "line": 35,
            "column": 2
          }
        },
        "line": 19
      },
      "1": {
        "name": "(anonymous_1)",
        "decl": {
          "start": {
            "line": 37,
            "column": 1
          },
          "end": {
            "line": 37,
            "column": 2
          }
        },
        "loc": {
          "start": {
            "line": 37,
            "column": 32
          },
          "end": {
            "line": 53,
            "column": 2
          }
        },
        "line": 37
      },
      "2": {
        "name": "(anonymous_2)",
        "decl": {
          "start": {
            "line": 55,
            "column": 1
          },
          "end": {
            "line": 55,
            "column": 2
          }
        },
        "loc": {
          "start": {
            "line": 55,
            "column": 27
          },
          "end": {
            "line": 66,
            "column": 2
          }
        },
        "line": 55
      },
      "3": {
        "name": "(anonymous_3)",
        "decl": {
          "start": {
            "line": 56,
            "column": 25
          },
          "end": {
            "line": 56,
            "column": 26
          }
        },
        "loc": {
          "start": {
            "line": 56,
            "column": 44
          },
          "end": {
            "line": 61,
            "column": 3
          }
        },
        "line": 56
      },
      "4": {
        "name": "(anonymous_4)",
        "decl": {
          "start": {
            "line": 62,
            "column": 10
          },
          "end": {
            "line": 62,
            "column": 11
          }
        },
        "loc": {
          "start": {
            "line": 62,
            "column": 23
          },
          "end": {
            "line": 65,
            "column": 4
          }
        },
        "line": 62
      }
    },
    "branchMap": {
      "0": {
        "loc": {
          "start": {
            "line": 57,
            "column": 3
          },
          "end": {
            "line": 59,
            "column": 4
          }
        },
        "type": "if",
        "locations": [
          {
            "start": {
              "line": 57,
              "column": 3
            },
            "end": {
              "line": 59,
              "column": 4
            }
          },
          {
            "start": {},
            "end": {}
          }
        ],
        "line": 57
      }
    },
    "s": {
      "0": 372,
      "1": 372,
      "2": 372,
      "3": 372,
      "4": 362,
      "5": 362,
      "6": 362,
      "7": 362,
      "8": 734,
      "9": 733,
      "10": 0,
      "11": 733,
      "12": 0,
      "13": 0
    },
    "f": {
      "0": 372,
      "1": 362,
      "2": 734,
      "3": 733,
      "4": 0
    },
    "b": {
      "0": [
        0,
        733
      ]
    },
    "_coverageSchema": "1a1c01bbd47fc00a2c39e90264f33305004495a9",
    "hash": "94b06f25367a6dd528460b2478b2d89c8228866b"
  },
  "/Users/princesanchez/canvas/canvas_modules/harness/src/client/constants/constants.js": {
    "path": "/Users/princesanchez/canvas/canvas_modules/harness/src/client/constants/constants.js",
    "statementMap": {
      "0": {
        "start": {
          "line": 21,
          "column": 1
        },
        "end": {
          "line": 25,
          "column": 4
        }
      },
      "1": {
        "start": {
          "line": 29,
          "column": 0
        },
        "end": {
          "line": 29,
          "column": 57
        }
      },
      "2": {
        "start": {
          "line": 30,
          "column": 0
        },
        "end": {
          "line": 30,
          "column": 55
        }
      },
      "3": {
        "start": {
          "line": 31,
          "column": 0
        },
        "end": {
          "line": 31,
          "column": 51
        }
      },
      "4": {
        "start": {
          "line": 34,
          "column": 0
        },
        "end": {
          "line": 34,
          "column": 44
        }
      },
      "5": {
        "start": {
          "line": 35,
          "column": 0
        },
        "end": {
          "line": 35,
          "column": 40
        }
      },
      "6": {
        "start": {
          "line": 37,
          "column": 0
        },
        "end": {
          "line": 37,
          "column": 42
        }
      },
      "7": {
        "start": {
          "line": 38,
          "column": 0
        },
        "end": {
          "line": 38,
          "column": 49
        }
      },
      "8": {
        "start": {
          "line": 39,
          "column": 0
        },
        "end": {
          "line": 39,
          "column": 49
        }
      },
      "9": {
        "start": {
          "line": 41,
          "column": 0
        },
        "end": {
          "line": 41,
          "column": 41
        }
      },
      "10": {
        "start": {
          "line": 42,
          "column": 0
        },
        "end": {
          "line": 42,
          "column": 49
        }
      },
      "11": {
        "start": {
          "line": 44,
          "column": 0
        },
        "end": {
          "line": 44,
          "column": 37
        }
      },
      "12": {
        "start": {
          "line": 45,
          "column": 0
        },
        "end": {
          "line": 45,
          "column": 41
        }
      },
      "13": {
        "start": {
          "line": 46,
          "column": 0
        },
        "end": {
          "line": 46,
          "column": 39
        }
      },
      "14": {
        "start": {
          "line": 48,
          "column": 0
        },
        "end": {
          "line": 48,
          "column": 46
        }
      },
      "15": {
        "start": {
          "line": 49,
          "column": 0
        },
        "end": {
          "line": 49,
          "column": 52
        }
      },
      "16": {
        "start": {
          "line": 50,
          "column": 0
        },
        "end": {
          "line": 50,
          "column": 48
        }
      },
      "17": {
        "start": {
          "line": 52,
          "column": 0
        },
        "end": {
          "line": 52,
          "column": 47
        }
      },
      "18": {
        "start": {
          "line": 53,
          "column": 0
        },
        "end": {
          "line": 53,
          "column": 51
        }
      },
      "19": {
        "start": {
          "line": 55,
          "column": 0
        },
        "end": {
          "line": 55,
          "column": 40
        }
      },
      "20": {
        "start": {
          "line": 56,
          "column": 0
        },
        "end": {
          "line": 56,
          "column": 40
        }
      },
      "21": {
        "start": {
          "line": 57,
          "column": 0
        },
        "end": {
          "line": 57,
          "column": 46
        }
      },
      "22": {
        "start": {
          "line": 59,
          "column": 0
        },
        "end": {
          "line": 59,
          "column": 53
        }
      },
      "23": {
        "start": {
          "line": 60,
          "column": 0
        },
        "end": {
          "line": 60,
          "column": 53
        }
      },
      "24": {
        "start": {
          "line": 61,
          "column": 0
        },
        "end": {
          "line": 61,
          "column": 53
        }
      },
      "25": {
        "start": {
          "line": 63,
          "column": 0
        },
        "end": {
          "line": 63,
          "column": 57
        }
      },
      "26": {
        "start": {
          "line": 64,
          "column": 0
        },
        "end": {
          "line": 64,
          "column": 67
        }
      },
      "27": {
        "start": {
          "line": 65,
          "column": 0
        },
        "end": {
          "line": 65,
          "column": 60
        }
      },
      "28": {
        "start": {
          "line": 67,
          "column": 0
        },
        "end": {
          "line": 67,
          "column": 47
        }
      },
      "29": {
        "start": {
          "line": 68,
          "column": 0
        },
        "end": {
          "line": 68,
          "column": 56
        }
      },
      "30": {
        "start": {
          "line": 69,
          "column": 0
        },
        "end": {
          "line": 69,
          "column": 53
        }
      },
      "31": {
        "start": {
          "line": 70,
          "column": 0
        },
        "end": {
          "line": 70,
          "column": 59
        }
      },
      "32": {
        "start": {
          "line": 72,
          "column": 0
        },
        "end": {
          "line": 72,
          "column": 60
        }
      },
      "33": {
        "start": {
          "line": 73,
          "column": 0
        },
        "end": {
          "line": 73,
          "column": 46
        }
      },
      "34": {
        "start": {
          "line": 75,
          "column": 0
        },
        "end": {
          "line": 75,
          "column": 64
        }
      },
      "35": {
        "start": {
          "line": 76,
          "column": 0
        },
        "end": {
          "line": 76,
          "column": 46
        }
      },
      "36": {
        "start": {
          "line": 77,
          "column": 0
        },
        "end": {
          "line": 77,
          "column": 54
        }
      },
      "37": {
        "start": {
          "line": 78,
          "column": 0
        },
        "end": {
          "line": 78,
          "column": 52
        }
      },
      "38": {
        "start": {
          "line": 79,
          "column": 0
        },
        "end": {
          "line": 79,
          "column": 48
        }
      },
      "39": {
        "start": {
          "line": 80,
          "column": 0
        },
        "end": {
          "line": 80,
          "column": 68
        }
      },
      "40": {
        "start": {
          "line": 81,
          "column": 0
        },
        "end": {
          "line": 81,
          "column": 50
        }
      },
      "41": {
        "start": {
          "line": 82,
          "column": 0
        },
        "end": {
          "line": 82,
          "column": 52
        }
      },
      "42": {
        "start": {
          "line": 83,
          "column": 0
        },
        "end": {
          "line": 83,
          "column": 50
        }
      },
      "43": {
        "start": {
          "line": 84,
          "column": 0
        },
        "end": {
          "line": 84,
          "column": 48
        }
      },
      "44": {
        "start": {
          "line": 85,
          "column": 0
        },
        "end": {
          "line": 85,
          "column": 46
        }
      },
      "45": {
        "start": {
          "line": 86,
          "column": 0
        },
        "end": {
          "line": 86,
          "column": 54
        }
      },
      "46": {
        "start": {
          "line": 87,
          "column": 0
        },
        "end": {
          "line": 87,
          "column": 81
        }
      },
      "47": {
        "start": {
          "line": 88,
          "column": 0
        },
        "end": {
          "line": 88,
          "column": 76
        }
      },
      "48": {
        "start": {
          "line": 90,
          "column": 0
        },
        "end": {
          "line": 90,
          "column": 44
        }
      },
      "49": {
        "start": {
          "line": 91,
          "column": 0
        },
        "end": {
          "line": 91,
          "column": 42
        }
      },
      "50": {
        "start": {
          "line": 92,
          "column": 0
        },
        "end": {
          "line": 92,
          "column": 40
        }
      },
      "51": {
        "start": {
          "line": 94,
          "column": 0
        },
        "end": {
          "line": 94,
          "column": 47
        }
      },
      "52": {
        "start": {
          "line": 95,
          "column": 0
        },
        "end": {
          "line": 95,
          "column": 45
        }
      },
      "53": {
        "start": {
          "line": 96,
          "column": 0
        },
        "end": {
          "line": 96,
          "column": 53
        }
      },
      "54": {
        "start": {
          "line": 97,
          "column": 0
        },
        "end": {
          "line": 97,
          "column": 36
        }
      },
      "55": {
        "start": {
          "line": 98,
          "column": 0
        },
        "end": {
          "line": 98,
          "column": 38
        }
      },
      "56": {
        "start": {
          "line": 100,
          "column": 0
        },
        "end": {
          "line": 100,
          "column": 47
        }
      },
      "57": {
        "start": {
          "line": 101,
          "column": 0
        },
        "end": {
          "line": 101,
          "column": 45
        }
      },
      "58": {
        "start": {
          "line": 103,
          "column": 0
        },
        "end": {
          "line": 103,
          "column": 51
        }
      },
      "59": {
        "start": {
          "line": 104,
          "column": 0
        },
        "end": {
          "line": 104,
          "column": 54
        }
      },
      "60": {
        "start": {
          "line": 105,
          "column": 0
        },
        "end": {
          "line": 105,
          "column": 65
        }
      },
      "61": {
        "start": {
          "line": 106,
          "column": 0
        },
        "end": {
          "line": 106,
          "column": 67
        }
      },
      "62": {
        "start": {
          "line": 107,
          "column": 0
        },
        "end": {
          "line": 107,
          "column": 73
        }
      },
      "63": {
        "start": {
          "line": 108,
          "column": 0
        },
        "end": {
          "line": 108,
          "column": 64
        }
      },
      "64": {
        "start": {
          "line": 109,
          "column": 0
        },
        "end": {
          "line": 109,
          "column": 64
        }
      },
      "65": {
        "start": {
          "line": 110,
          "column": 0
        },
        "end": {
          "line": 110,
          "column": 90
        }
      },
      "66": {
        "start": {
          "line": 112,
          "column": 0
        },
        "end": {
          "line": 112,
          "column": 67
        }
      },
      "67": {
        "start": {
          "line": 114,
          "column": 0
        },
        "end": {
          "line": 114,
          "column": 65
        }
      },
      "68": {
        "start": {
          "line": 116,
          "column": 0
        },
        "end": {
          "line": 116,
          "column": 60
        }
      },
      "69": {
        "start": {
          "line": 117,
          "column": 0
        },
        "end": {
          "line": 117,
          "column": 59
        }
      },
      "70": {
        "start": {
          "line": 118,
          "column": 0
        },
        "end": {
          "line": 118,
          "column": 56
        }
      },
      "71": {
        "start": {
          "line": 119,
          "column": 0
        },
        "end": {
          "line": 119,
          "column": 68
        }
      },
      "72": {
        "start": {
          "line": 120,
          "column": 0
        },
        "end": {
          "line": 120,
          "column": 70
        }
      },
      "73": {
        "start": {
          "line": 121,
          "column": 0
        },
        "end": {
          "line": 121,
          "column": 68
        }
      },
      "74": {
        "start": {
          "line": 122,
          "column": 0
        },
        "end": {
          "line": 122,
          "column": 68
        }
      },
      "75": {
        "start": {
          "line": 123,
          "column": 0
        },
        "end": {
          "line": 123,
          "column": 76
        }
      },
      "76": {
        "start": {
          "line": 124,
          "column": 0
        },
        "end": {
          "line": 124,
          "column": 66
        }
      },
      "77": {
        "start": {
          "line": 125,
          "column": 0
        },
        "end": {
          "line": 125,
          "column": 66
        }
      },
      "78": {
        "start": {
          "line": 127,
          "column": 0
        },
        "end": {
          "line": 127,
          "column": 43
        }
      },
      "79": {
        "start": {
          "line": 128,
          "column": 0
        },
        "end": {
          "line": 128,
          "column": 45
        }
      },
      "80": {
        "start": {
          "line": 130,
          "column": 0
        },
        "end": {
          "line": 130,
          "column": 64
        }
      },
      "81": {
        "start": {
          "line": 131,
          "column": 0
        },
        "end": {
          "line": 131,
          "column": 72
        }
      },
      "82": {
        "start": {
          "line": 132,
          "column": 0
        },
        "end": {
          "line": 132,
          "column": 38
        }
      },
      "83": {
        "start": {
          "line": 133,
          "column": 0
        },
        "end": {
          "line": 133,
          "column": 38
        }
      },
      "84": {
        "start": {
          "line": 134,
          "column": 0
        },
        "end": {
          "line": 134,
          "column": 50
        }
      },
      "85": {
        "start": {
          "line": 135,
          "column": 0
        },
        "end": {
          "line": 135,
          "column": 38
        }
      },
      "86": {
        "start": {
          "line": 136,
          "column": 0
        },
        "end": {
          "line": 136,
          "column": 46
        }
      },
      "87": {
        "start": {
          "line": 138,
          "column": 0
        },
        "end": {
          "line": 144,
          "column": 3
        }
      },
      "88": {
        "start": {
          "line": 146,
          "column": 0
        },
        "end": {
          "line": 146,
          "column": 51
        }
      },
      "89": {
        "start": {
          "line": 147,
          "column": 0
        },
        "end": {
          "line": 147,
          "column": 51
        }
      },
      "90": {
        "start": {
          "line": 149,
          "column": 0
        },
        "end": {
          "line": 149,
          "column": 38
        }
      },
      "91": {
        "start": {
          "line": 151,
          "column": 0
        },
        "end": {
          "line": 151,
          "column": 58
        }
      },
      "92": {
        "start": {
          "line": 152,
          "column": 0
        },
        "end": {
          "line": 152,
          "column": 46
        }
      }
    },
    "fnMap": {
      "0": {
        "name": "_defineConstant",
        "decl": {
          "start": {
            "line": 20,
            "column": 9
          },
          "end": {
            "line": 20,
            "column": 24
          }
        },
        "loc": {
          "start": {
            "line": 20,
            "column": 38
          },
          "end": {
            "line": 26,
            "column": 1
          }
        },
        "line": 20
      }
    },
    "branchMap": {},
    "s": {
      "0": 30636,
      "1": 333,
      "2": 333,
      "3": 333,
      "4": 333,
      "5": 333,
      "6": 333,
      "7": 333,
      "8": 333,
      "9": 333,
      "10": 333,
      "11": 333,
      "12": 333,
      "13": 333,
      "14": 333,
      "15": 333,
      "16": 333,
      "17": 333,
      "18": 333,
      "19": 333,
      "20": 333,
      "21": 333,
      "22": 333,
      "23": 333,
      "24": 333,
      "25": 333,
      "26": 333,
      "27": 333,
      "28": 333,
      "29": 333,
      "30": 333,
      "31": 333,
      "32": 333,
      "33": 333,
      "34": 333,
      "35": 333,
      "36": 333,
      "37": 333,
      "38": 333,
      "39": 333,
      "40": 333,
      "41": 333,
      "42": 333,
      "43": 333,
      "44": 333,
      "45": 333,
      "46": 333,
      "47": 333,
      "48": 333,
      "49": 333,
      "50": 333,
      "51": 333,
      "52": 333,
      "53": 333,
      "54": 333,
      "55": 333,
      "56": 333,
      "57": 333,
      "58": 333,
      "59": 333,
      "60": 333,
      "61": 333,
      "62": 333,
      "63": 333,
      "64": 333,
      "65": 333,
      "66": 333,
      "67": 333,
      "68": 333,
      "69": 333,
      "70": 333,
      "71": 333,
      "72": 333,
      "73": 333,
      "74": 333,
      "75": 333,
      "76": 333,
      "77": 333,
      "78": 333,
      "79": 333,
      "80": 333,
      "81": 333,
      "82": 333,
      "83": 333,
      "84": 333,
      "85": 333,
      "86": 333,
      "87": 333,
      "88": 333,
      "89": 333,
      "90": 333,
      "91": 333,
      "92": 333
    },
    "f": {
      "0": 30636
    },
    "b": {},
    "_coverageSchema": "1a1c01bbd47fc00a2c39e90264f33305004495a9",
    "hash": "c732a78852b9978e3558631dadc7e414c37900c8"
  },
  "/Users/princesanchez/canvas/canvas_modules/harness/src/client/components/custom-controls/CustomTableControl.js": {
    "path": "/Users/princesanchez/canvas/canvas_modules/harness/src/client/components/custom-controls/CustomTableControl.js",
    "statementMap": {
      "0": {
        "start": {
          "line": 22,
          "column": 2
        },
        "end": {
          "line": 22,
          "column": 40
        }
      },
      "1": {
        "start": {
          "line": 25,
          "column": 2
        },
        "end": {
          "line": 25,
          "column": 31
        }
      },
      "2": {
        "start": {
          "line": 26,
          "column": 2
        },
        "end": {
          "line": 26,
          "column": 31
        }
      },
      "3": {
        "start": {
          "line": 27,
          "column": 2
        },
        "end": {
          "line": 27,
          "column": 19
        }
      },
      "4": {
        "start": {
          "line": 28,
          "column": 2
        },
        "end": {
          "line": 28,
          "column": 29
        }
      },
      "5": {
        "start": {
          "line": 32,
          "column": 12
        },
        "end": {
          "line": 32,
          "column": 32
        }
      },
      "6": {
        "start": {
          "line": 33,
          "column": 2
        },
        "end": {
          "line": 38,
          "column": 3
        }
      },
      "7": {
        "start": {
          "line": 34,
          "column": 3
        },
        "end": {
          "line": 34,
          "column": 36
        }
      },
      "8": {
        "start": {
          "line": 35,
          "column": 3
        },
        "end": {
          "line": 37,
          "column": 4
        }
      },
      "9": {
        "start": {
          "line": 36,
          "column": 4
        },
        "end": {
          "line": 36,
          "column": 37
        }
      },
      "10": {
        "start": {
          "line": 39,
          "column": 2
        },
        "end": {
          "line": 46,
          "column": 4
        }
      }
    },
    "fnMap": {
      "0": {
        "name": "(anonymous_0)",
        "decl": {
          "start": {
            "line": 21,
            "column": 1
          },
          "end": {
            "line": 21,
            "column": 2
          }
        },
        "loc": {
          "start": {
            "line": 21,
            "column": 13
          },
          "end": {
            "line": 23,
            "column": 2
          }
        },
        "line": 21
      },
      "1": {
        "name": "(anonymous_1)",
        "decl": {
          "start": {
            "line": 24,
            "column": 1
          },
          "end": {
            "line": 24,
            "column": 2
          }
        },
        "loc": {
          "start": {
            "line": 24,
            "column": 54
          },
          "end": {
            "line": 29,
            "column": 2
          }
        },
        "line": 24
      },
      "2": {
        "name": "(anonymous_2)",
        "decl": {
          "start": {
            "line": 31,
            "column": 1
          },
          "end": {
            "line": 31,
            "column": 2
          }
        },
        "loc": {
          "start": {
            "line": 31,
            "column": 17
          },
          "end": {
            "line": 47,
            "column": 2
          }
        },
        "line": 31
      }
    },
    "branchMap": {
      "0": {
        "loc": {
          "start": {
            "line": 33,
            "column": 2
          },
          "end": {
            "line": 38,
            "column": 3
          }
        },
        "type": "if",
        "locations": [
          {
            "start": {
              "line": 33,
              "column": 2
            },
            "end": {
              "line": 38,
              "column": 3
            }
          },
          {
            "start": {},
            "end": {}
          }
        ],
        "line": 33
      },
      "1": {
        "loc": {
          "start": {
            "line": 35,
            "column": 3
          },
          "end": {
            "line": 37,
            "column": 4
          }
        },
        "type": "if",
        "locations": [
          {
            "start": {
              "line": 35,
              "column": 3
            },
            "end": {
              "line": 37,
              "column": 4
            }
          },
          {
            "start": {},
            "end": {}
          }
        ],
        "line": 35
      },
      "2": {
        "loc": {
          "start": {
            "line": 44,
            "column": 15
          },
          "end": {
            "line": 44,
            "column": 63
          }
        },
        "type": "cond-expr",
        "locations": [
          {
            "start": {
              "line": 44,
              "column": 32
            },
            "end": {
              "line": 44,
              "column": 56
            }
          },
          {
            "start": {
              "line": 44,
              "column": 59
            },
            "end": {
              "line": 44,
              "column": 63
            }
          }
        ],
        "line": 44
      }
    },
    "s": {
      "0": 0,
      "1": 0,
      "2": 0,
      "3": 0,
      "4": 0,
      "5": 0,
      "6": 0,
      "7": 0,
      "8": 0,
      "9": 0,
      "10": 0
    },
    "f": {
      "0": 0,
      "1": 0,
      "2": 0
    },
    "b": {
      "0": [
        0,
        0
      ],
      "1": [
        0,
        0
      ],
      "2": [
        0,
        0
      ]
    },
    "_coverageSchema": "1a1c01bbd47fc00a2c39e90264f33305004495a9",
    "hash": "e9b18f09e943703eeb81efe1dd9e45f3bcfafe30"
  },
  "/Users/princesanchez/canvas/canvas_modules/harness/src/client/components/custom-canvases/react-nodes-mapping/linkInputToOutputAction.js": {
    "path": "/Users/princesanchez/canvas/canvas_modules/harness/src/client/components/custom-canvases/react-nodes-mapping/linkInputToOutputAction.js",
    "statementMap": {
      "0": {
        "start": {
          "line": 23,
          "column": 2
        },
        "end": {
          "line": 23,
          "column": 29
        }
      },
      "1": {
        "start": {
          "line": 24,
          "column": 2
        },
        "end": {
          "line": 24,
          "column": 29
        }
      },
      "2": {
        "start": {
          "line": 25,
          "column": 2
        },
        "end": {
          "line": 25,
          "column": 29
        }
      },
      "3": {
        "start": {
          "line": 26,
          "column": 2
        },
        "end": {
          "line": 26,
          "column": 43
        }
      },
      "4": {
        "start": {
          "line": 27,
          "column": 2
        },
        "end": {
          "line": 27,
          "column": 56
        }
      },
      "5": {
        "start": {
          "line": 29,
          "column": 2
        },
        "end": {
          "line": 29,
          "column": 50
        }
      },
      "6": {
        "start": {
          "line": 30,
          "column": 2
        },
        "end": {
          "line": 30,
          "column": 56
        }
      },
      "7": {
        "start": {
          "line": 31,
          "column": 2
        },
        "end": {
          "line": 31,
          "column": 48
        }
      },
      "8": {
        "start": {
          "line": 32,
          "column": 2
        },
        "end": {
          "line": 32,
          "column": 77
        }
      },
      "9": {
        "start": {
          "line": 34,
          "column": 2
        },
        "end": {
          "line": 34,
          "column": 45
        }
      },
      "10": {
        "start": {
          "line": 35,
          "column": 2
        },
        "end": {
          "line": 35,
          "column": 45
        }
      },
      "11": {
        "start": {
          "line": 36,
          "column": 24
        },
        "end": {
          "line": 36,
          "column": 107
        }
      },
      "12": {
        "start": {
          "line": 36,
          "column": 52
        },
        "end": {
          "line": 36,
          "column": 106
        }
      },
      "13": {
        "start": {
          "line": 37,
          "column": 2
        },
        "end": {
          "line": 37,
          "column": 37
        }
      },
      "14": {
        "start": {
          "line": 39,
          "column": 2
        },
        "end": {
          "line": 62,
          "column": 5
        }
      },
      "15": {
        "start": {
          "line": 40,
          "column": 18
        },
        "end": {
          "line": 40,
          "column": 46
        }
      },
      "16": {
        "start": {
          "line": 41,
          "column": 3
        },
        "end": {
          "line": 46,
          "column": 4
        }
      },
      "17": {
        "start": {
          "line": 42,
          "column": 18
        },
        "end": {
          "line": 42,
          "column": 25
        }
      },
      "18": {
        "start": {
          "line": 43,
          "column": 4
        },
        "end": {
          "line": 43,
          "column": 61
        }
      },
      "19": {
        "start": {
          "line": 44,
          "column": 4
        },
        "end": {
          "line": 44,
          "column": 37
        }
      },
      "20": {
        "start": {
          "line": 45,
          "column": 4
        },
        "end": {
          "line": 45,
          "column": 42
        }
      },
      "21": {
        "start": {
          "line": 49,
          "column": 16
        },
        "end": {
          "line": 56,
          "column": 4
        }
      },
      "22": {
        "start": {
          "line": 59,
          "column": 3
        },
        "end": {
          "line": 61,
          "column": 4
        }
      },
      "23": {
        "start": {
          "line": 60,
          "column": 4
        },
        "end": {
          "line": 60,
          "column": 29
        }
      },
      "24": {
        "start": {
          "line": 64,
          "column": 2
        },
        "end": {
          "line": 68,
          "column": 4
        }
      },
      "25": {
        "start": {
          "line": 72,
          "column": 2
        },
        "end": {
          "line": 72,
          "column": 72
        }
      },
      "26": {
        "start": {
          "line": 72,
          "column": 40
        },
        "end": {
          "line": 72,
          "column": 70
        }
      },
      "27": {
        "start": {
          "line": 76,
          "column": 17
        },
        "end": {
          "line": 80,
          "column": 42
        }
      },
      "28": {
        "start": {
          "line": 77,
          "column": 3
        },
        "end": {
          "line": 80,
          "column": 41
        }
      },
      "29": {
        "start": {
          "line": 81,
          "column": 2
        },
        "end": {
          "line": 81,
          "column": 16
        }
      },
      "30": {
        "start": {
          "line": 87,
          "column": 2
        },
        "end": {
          "line": 87,
          "column": 108
        }
      },
      "31": {
        "start": {
          "line": 92,
          "column": 2
        },
        "end": {
          "line": 92,
          "column": 119
        }
      },
      "32": {
        "start": {
          "line": 93,
          "column": 2
        },
        "end": {
          "line": 93,
          "column": 48
        }
      },
      "33": {
        "start": {
          "line": 97,
          "column": 2
        },
        "end": {
          "line": 97,
          "column": 119
        }
      },
      "34": {
        "start": {
          "line": 98,
          "column": 2
        },
        "end": {
          "line": 98,
          "column": 48
        }
      },
      "35": {
        "start": {
          "line": 102,
          "column": 2
        },
        "end": {
          "line": 102,
          "column": 12
        }
      },
      "36": {
        "start": {
          "line": 106,
          "column": 2
        },
        "end": {
          "line": 106,
          "column": 56
        }
      }
    },
    "fnMap": {
      "0": {
        "name": "(anonymous_0)",
        "decl": {
          "start": {
            "line": 21,
            "column": 1
          },
          "end": {
            "line": 21,
            "column": 2
          }
        },
        "loc": {
          "start": {
            "line": 21,
            "column": 64
          },
          "end": {
            "line": 69,
            "column": 2
          }
        },
        "line": 21
      },
      "1": {
        "name": "(anonymous_1)",
        "decl": {
          "start": {
            "line": 36,
            "column": 45
          },
          "end": {
            "line": 36,
            "column": 46
          }
        },
        "loc": {
          "start": {
            "line": 36,
            "column": 52
          },
          "end": {
            "line": 36,
            "column": 106
          }
        },
        "line": 36
      },
      "2": {
        "name": "(anonymous_2)",
        "decl": {
          "start": {
            "line": 39,
            "column": 20
          },
          "end": {
            "line": 39,
            "column": 21
          }
        },
        "loc": {
          "start": {
            "line": 39,
            "column": 28
          },
          "end": {
            "line": 62,
            "column": 3
          }
        },
        "line": 39
      },
      "3": {
        "name": "(anonymous_3)",
        "decl": {
          "start": {
            "line": 71,
            "column": 1
          },
          "end": {
            "line": 71,
            "column": 2
          }
        },
        "loc": {
          "start": {
            "line": 71,
            "column": 34
          },
          "end": {
            "line": 73,
            "column": 2
          }
        },
        "line": 71
      },
      "4": {
        "name": "(anonymous_4)",
        "decl": {
          "start": {
            "line": 72,
            "column": 32
          },
          "end": {
            "line": 72,
            "column": 33
          }
        },
        "loc": {
          "start": {
            "line": 72,
            "column": 40
          },
          "end": {
            "line": 72,
            "column": 70
          }
        },
        "line": 72
      },
      "5": {
        "name": "(anonymous_5)",
        "decl": {
          "start": {
            "line": 75,
            "column": 1
          },
          "end": {
            "line": 75,
            "column": 2
          }
        },
        "loc": {
          "start": {
            "line": 75,
            "column": 18
          },
          "end": {
            "line": 82,
            "column": 2
          }
        },
        "line": 75
      },
      "6": {
        "name": "(anonymous_6)",
        "decl": {
          "start": {
            "line": 76,
            "column": 36
          },
          "end": {
            "line": 76,
            "column": 37
          }
        },
        "loc": {
          "start": {
            "line": 77,
            "column": 3
          },
          "end": {
            "line": 80,
            "column": 41
          }
        },
        "line": 77
      },
      "7": {
        "name": "(anonymous_7)",
        "decl": {
          "start": {
            "line": 86,
            "column": 1
          },
          "end": {
            "line": 86,
            "column": 2
          }
        },
        "loc": {
          "start": {
            "line": 86,
            "column": 12
          },
          "end": {
            "line": 88,
            "column": 2
          }
        },
        "line": 86
      },
      "8": {
        "name": "(anonymous_8)",
        "decl": {
          "start": {
            "line": 91,
            "column": 1
          },
          "end": {
            "line": 91,
            "column": 2
          }
        },
        "loc": {
          "start": {
            "line": 91,
            "column": 6
          },
          "end": {
            "line": 94,
            "column": 2
          }
        },
        "line": 91
      },
      "9": {
        "name": "(anonymous_9)",
        "decl": {
          "start": {
            "line": 96,
            "column": 1
          },
          "end": {
            "line": 96,
            "column": 2
          }
        },
        "loc": {
          "start": {
            "line": 96,
            "column": 8
          },
          "end": {
            "line": 99,
            "column": 2
          }
        },
        "line": 96
      },
      "10": {
        "name": "(anonymous_10)",
        "decl": {
          "start": {
            "line": 101,
            "column": 1
          },
          "end": {
            "line": 101,
            "column": 2
          }
        },
        "loc": {
          "start": {
            "line": 101,
            "column": 8
          },
          "end": {
            "line": 103,
            "column": 2
          }
        },
        "line": 101
      },
      "11": {
        "name": "(anonymous_11)",
        "decl": {
          "start": {
            "line": 105,
            "column": 1
          },
          "end": {
            "line": 105,
            "column": 2
          }
        },
        "loc": {
          "start": {
            "line": 105,
            "column": 12
          },
          "end": {
            "line": 107,
            "column": 2
          }
        },
        "line": 105
      }
    },
    "branchMap": {
      "0": {
        "loc": {
          "start": {
            "line": 36,
            "column": 52
          },
          "end": {
            "line": 36,
            "column": 106
          }
        },
        "type": "binary-expr",
        "locations": [
          {
            "start": {
              "line": 36,
              "column": 52
            },
            "end": {
              "line": 36,
              "column": 77
            }
          },
          {
            "start": {
              "line": 36,
              "column": 81
            },
            "end": {
              "line": 36,
              "column": 106
            }
          }
        ],
        "line": 36
      },
      "1": {
        "loc": {
          "start": {
            "line": 41,
            "column": 3
          },
          "end": {
            "line": 46,
            "column": 4
          }
        },
        "type": "if",
        "locations": [
          {
            "start": {
              "line": 41,
              "column": 3
            },
            "end": {
              "line": 46,
              "column": 4
            }
          },
          {
            "start": {},
            "end": {}
          }
        ],
        "line": 41
      },
      "2": {
        "loc": {
          "start": {
            "line": 59,
            "column": 3
          },
          "end": {
            "line": 61,
            "column": 4
          }
        },
        "type": "if",
        "locations": [
          {
            "start": {
              "line": 59,
              "column": 3
            },
            "end": {
              "line": 61,
              "column": 4
            }
          },
          {
            "start": {},
            "end": {}
          }
        ],
        "line": 59
      },
      "3": {
        "loc": {
          "start": {
            "line": 77,
            "column": 3
          },
          "end": {
            "line": 80,
            "column": 41
          }
        },
        "type": "binary-expr",
        "locations": [
          {
            "start": {
              "line": 77,
              "column": 3
            },
            "end": {
              "line": 77,
              "column": 33
            }
          },
          {
            "start": {
              "line": 78,
              "column": 3
            },
            "end": {
              "line": 78,
              "column": 41
            }
          },
          {
            "start": {
              "line": 79,
              "column": 3
            },
            "end": {
              "line": 79,
              "column": 33
            }
          },
          {
            "start": {
              "line": 80,
              "column": 3
            },
            "end": {
              "line": 80,
              "column": 41
            }
          }
        ],
        "line": 77
      },
      "4": {
        "loc": {
          "start": {
            "line": 87,
            "column": 9
          },
          "end": {
            "line": 87,
            "column": 107
          }
        },
        "type": "binary-expr",
        "locations": [
          {
            "start": {
              "line": 87,
              "column": 9
            },
            "end": {
              "line": 87,
              "column": 60
            }
          },
          {
            "start": {
              "line": 87,
              "column": 64
            },
            "end": {
              "line": 87,
              "column": 107
            }
          }
        ],
        "line": 87
      }
    },
    "s": {
      "0": 0,
      "1": 0,
      "2": 0,
      "3": 0,
      "4": 0,
      "5": 0,
      "6": 0,
      "7": 0,
      "8": 0,
      "9": 0,
      "10": 0,
      "11": 0,
      "12": 0,
      "13": 0,
      "14": 0,
      "15": 0,
      "16": 0,
      "17": 0,
      "18": 0,
      "19": 0,
      "20": 0,
      "21": 0,
      "22": 0,
      "23": 0,
      "24": 0,
      "25": 0,
      "26": 0,
      "27": 0,
      "28": 0,
      "29": 0,
      "30": 0,
      "31": 0,
      "32": 0,
      "33": 0,
      "34": 0,
      "35": 0,
      "36": 0
    },
    "f": {
      "0": 0,
      "1": 0,
      "2": 0,
      "3": 0,
      "4": 0,
      "5": 0,
      "6": 0,
      "7": 0,
      "8": 0,
      "9": 0,
      "10": 0,
      "11": 0
    },
    "b": {
      "0": [
        0,
        0
      ],
      "1": [
        0,
        0
      ],
      "2": [
        0,
        0
      ],
      "3": [
        0,
        0,
        0,
        0
      ],
      "4": [
        0,
        0
      ]
    },
    "_coverageSchema": "1a1c01bbd47fc00a2c39e90264f33305004495a9",
    "hash": "53a767ea64aa13a8e13037a2f5f71d20f95f5f1a"
  },
  "/Users/princesanchez/canvas/canvas_modules/harness/src/client/components/custom-panels/CustomSliderPanel.js": {
    "path": "/Users/princesanchez/canvas/canvas_modules/harness/src/client/components/custom-panels/CustomSliderPanel.js",
    "statementMap": {
      "0": {
        "start": {
          "line": 25,
          "column": 2
        },
        "end": {
          "line": 25,
          "column": 39
        }
      },
      "1": {
        "start": {
          "line": 28,
          "column": 2
        },
        "end": {
          "line": 28,
          "column": 31
        }
      },
      "2": {
        "start": {
          "line": 29,
          "column": 2
        },
        "end": {
          "line": 29,
          "column": 31
        }
      },
      "3": {
        "start": {
          "line": 30,
          "column": 2
        },
        "end": {
          "line": 30,
          "column": 44
        }
      },
      "4": {
        "start": {
          "line": 31,
          "column": 2
        },
        "end": {
          "line": 31,
          "column": 71
        }
      },
      "5": {
        "start": {
          "line": 32,
          "column": 2
        },
        "end": {
          "line": 32,
          "column": 59
        }
      },
      "6": {
        "start": {
          "line": 33,
          "column": 2
        },
        "end": {
          "line": 35,
          "column": 3
        }
      },
      "7": {
        "start": {
          "line": 34,
          "column": 3
        },
        "end": {
          "line": 34,
          "column": 86
        }
      },
      "8": {
        "start": {
          "line": 39,
          "column": 2
        },
        "end": {
          "line": 39,
          "column": 93
        }
      },
      "9": {
        "start": {
          "line": 43,
          "column": 15
        },
        "end": {
          "line": 43,
          "column": 22
        }
      },
      "10": {
        "start": {
          "line": 44,
          "column": 2
        },
        "end": {
          "line": 46,
          "column": 3
        }
      },
      "11": {
        "start": {
          "line": 45,
          "column": 3
        },
        "end": {
          "line": 45,
          "column": 101
        }
      },
      "12": {
        "start": {
          "line": 47,
          "column": 15
        },
        "end": {
          "line": 47,
          "column": 22
        }
      },
      "13": {
        "start": {
          "line": 48,
          "column": 2
        },
        "end": {
          "line": 55,
          "column": 3
        }
      },
      "14": {
        "start": {
          "line": 49,
          "column": 3
        },
        "end": {
          "line": 53,
          "column": 4
        }
      },
      "15": {
        "start": {
          "line": 50,
          "column": 4
        },
        "end": {
          "line": 50,
          "column": 62
        }
      },
      "16": {
        "start": {
          "line": 52,
          "column": 4
        },
        "end": {
          "line": 52,
          "column": 89
        }
      },
      "17": {
        "start": {
          "line": 54,
          "column": 3
        },
        "end": {
          "line": 54,
          "column": 101
        }
      },
      "18": {
        "start": {
          "line": 56,
          "column": 2
        },
        "end": {
          "line": 66,
          "column": 4
        }
      }
    },
    "fnMap": {
      "0": {
        "name": "(anonymous_0)",
        "decl": {
          "start": {
            "line": 24,
            "column": 1
          },
          "end": {
            "line": 24,
            "column": 2
[...]
          "end": {
            "line": 55,
            "column": 2
          }
        },
        "line": 53
      },
      "6": {
        "name": "(anonymous_6)",
        "decl": {
          "start": {
            "line": 57,
            "column": 1
          },
          "end": {
            "line": 57,
            "column": 2
          }
        },
        "loc": {
          "start": {
            "line": 57,
            "column": 21
          },
          "end": {
            "line": 59,
            "column": 2
          }
        },
        "line": 57
      },
      "7": {
        "name": "(anonymous_7)",
        "decl": {
          "start": {
            "line": 61,
            "column": 1
          },
          "end": {
            "line": 61,
            "column": 2
          }
        },
        "loc": {
          "start": {
            "line": 61,
            "column": 27
          },
          "end": {
            "line": 63,
            "column": 2
          }
        },
        "line": 61
      },
      "8": {
        "name": "(anonymous_8)",
        "decl": {
          "start": {
            "line": 65,
            "column": 1
          },
          "end": {
            "line": 65,
            "column": 2
          }
        },
        "loc": {
          "start": {
            "line": 65,
            "column": 35
          },
          "end": {
            "line": 67,
            "column": 2
          }
        },
        "line": 65
      },
      "9": {
        "name": "(anonymous_9)",
        "decl": {
          "start": {
            "line": 69,
            "column": 1
          },
          "end": {
            "line": 69,
            "column": 2
          }
        },
        "loc": {
          "start": {
            "line": 69,
            "column": 10
          },
          "end": {
            "line": 193,
            "column": 2
          }
        },
        "line": 69
      }
    },
    "branchMap": {},
    "s": {
      "0": 0,
      "1": 0,
      "2": 0,
      "3": 0,
      "4": 0,
      "5": 0,
      "6": 0,
      "7": 0,
      "8": 0,
      "9": 0,
      "10": 0,
      "11": 0,
      "12": 0,
      "13": 0,
      "14": 0,
      "15": 0,
      "16": 0,
      "17": 0,
      "18": 0,
      "19": 0,
      "20": 0
    },
    "f": {
      "0": 0,
      "1": 0,
      "2": 0,
      "3": 0,
      "4": 0,
      "5": 0,
      "6": 0,
      "7": 0,
      "8": 0,
      "9": 0
    },
    "b": {},
    "_coverageSchema": "1a1c01bbd47fc00a2c39e90264f33305004495a9",
    "hash": "d88d67a33c63d0e9020f085cc264d4bdfd3f78d5"
  },
  "/Users/princesanchez/canvas/canvas_modules/harness/src/client/app-tiny.js": {
    "path": "/Users/princesanchez/canvas/canvas_modules/harness/src/client/app-tiny.js",
    "statementMap": {
      "0": {
        "start": {
          "line": 28,
          "column": 2
        },
        "end": {
          "line": 28,
          "column": 15
        }
      },
      "1": {
        "start": {
          "line": 30,
          "column": 2
        },
        "end": {
          "line": 30,
          "column": 49
        }
      },
      "2": {
        "start": {
          "line": 31,
          "column": 2
        },
        "end": {
          "line": 31,
          "column": 56
        }
      },
      "3": {
        "start": {
          "line": 32,
          "column": 2
        },
        "end": {
          "line": 32,
          "column": 63
        }
      },
      "4": {
        "start": {
          "line": 36,
          "column": 2
        },
        "end": {
          "line": 44,
          "column": 4
        }
      }
    },
    "fnMap": {
      "0": {
        "name": "(anonymous_0)",
        "decl": {
          "start": {
            "line": 27,
            "column": 1
          },
          "end": {
            "line": 27,
            "column": 2
          }
        },
        "loc": {
          "start": {
            "line": 27,
            "column": 20
          },
          "end": {
            "line": 33,
            "column": 2
          }
        },
        "line": 27
      },
      "1": {
        "name": "(anonymous_1)",
        "decl": {
          "start": {
            "line": 35,
            "column": 1
          },
          "end": {
            "line": 35,
            "column": 2
          }
        },
        "loc": {
          "start": {
            "line": 35,
            "column": 10
          },
          "end": {
            "line": 45,
            "column": 2
          }
        },
        "line": 35
      }
    },
    "branchMap": {},
    "s": {
      "0": 0,
      "1": 0,
      "2": 0,
      "3": 0,
      "4": 0
    },
    "f": {
      "0": 0,
      "1": 0
    },
    "b": {},
    "_coverageSchema": "1a1c01bbd47fc00a2c39e90264f33305004495a9",
    "hash": "3c3084038d3a672aaad87523147ad720cee8361f"
  },
  "/Users/princesanchez/canvas/canvas_modules/harness/src/client/index.js": {
    "path": "/Users/princesanchez/canvas/canvas_modules/harness/src/client/index.js",
    "statementMap": {
      "0": {
        "start": {
          "line": 28,
          "column": 18
        },
        "end": {
          "line": 28,
          "column": 49
        }
      },
      "1": {
        "start": {
          "line": 29,
          "column": 13
        },
        "end": {
          "line": 29,
          "column": 34
        }
      },
      "2": {
        "start": {
          "line": 30,
          "column": 0
        },
        "end": {
          "line": 42,
          "column": 2
        }
      }
    },
    "fnMap": {},
    "branchMap": {},
    "s": {
      "0": 333,
      "1": 333,
      "2": 333
    },
    "f": {},
    "b": {},
    "_coverageSchema": "1a1c01bbd47fc00a2c39e90264f33305004495a9",
    "hash": "42535ea2817c36378e9302bf650d88b01c69398d"
  },
  "/Users/princesanchez/canvas/canvas_modules/harness/src/common-canvas.js": {
    "path": "/Users/princesanchez/canvas/canvas_modules/harness/src/common-canvas.js",
    "statementMap": {},
    "fnMap": {},
    "branchMap": {},
    "s": {},
    "f": {},
    "b": {}
  },
  "/Users/princesanchez/canvas/canvas_modules/harness/src/client/services/OpsService.js": {
    "path": "/Users/princesanchez/canvas/canvas_modules/harness/src/client/services/OpsService.js",
    "statementMap": {},
    "fnMap": {},
    "branchMap": {},
    "s": {},
    "f": {},
    "b": {}
  },
  "/Users/princesanchez/canvas/canvas_modules/harness/src/client/custom/condition-ops/customSyntaxCheck_async.js": {
    "path": "/Users/princesanchez/canvas/canvas_modules/harness/src/client/custom/condition-ops/customSyntaxCheck_async.js",
    "statementMap": {},
    "fnMap": {},
    "branchMap": {},
    "s": {},
    "f": {},
    "b": {}
  },
  "/Users/princesanchez/canvas/canvas_modules/harness/cypress/e2e/canvas/auto-layout-dagre.cy.js": {
    "path": "/Users/princesanchez/canvas/canvas_modules/harness/cypress/e2e/canvas/auto-layout-dagre.cy.js",
    "statementMap": {},
    "fnMap": {},
    "branchMap": {},
    "s": {},
    "f": {},
    "b": {}
  },
  "/Users/princesanchez/canvas/canvas_modules/harness/cypress/e2e/canvas/auto-node-placement.cy.js": {
    "path": "/Users/princesanchez/canvas/canvas_modules/harness/cypress/e2e/canvas/auto-node-placement.cy.js",
    "statementMap": {},
    "fnMap": {},
    "branchMap": {},
    "s": {},
    "f": {},
    "b": {}
  },
  "/Users/princesanchez/canvas/canvas_modules/harness/cypress/e2e/canvas/bottom-panel.cy.js": {
    "path": "/Users/princesanchez/canvas/canvas_modules/harness/cypress/e2e/canvas/bottom-panel.cy.js",
    "statementMap": {},
    "fnMap": {},
    "branchMap": {},
    "s": {},
    "f": {},
    "b": {}
  },
  "/Users/princesanchez/canvas/canvas_modules/harness/cypress/e2e/canvas/clipboard.cy.js": {
    "path": "/Users/princesanchez/canvas/canvas_modules/harness/cypress/e2e/canvas/clipboard.cy.js",
    "statementMap": {},
    "fnMap": {},
    "branchMap": {},
    "s": {},
    "f": {},
    "b": {}
  },
  "/Users/princesanchez/canvas/canvas_modules/harness/cypress/e2e/canvas/comment.cy.js": {
    "path": "/Users/princesanchez/canvas/canvas_modules/harness/cypress/e2e/canvas/comment.cy.js",
    "statementMap": {},
    "fnMap": {},
    "branchMap": {},
    "s": {},
    "f": {},
    "b": {}
  },
  "/Users/princesanchez/canvas/canvas_modules/harness/cypress/e2e/canvas/config-enable-editing-actions.cy.js": {
    "path": "/Users/princesanchez/canvas/canvas_modules/harness/cypress/e2e/canvas/config-enable-editing-actions.cy.js",
    "statementMap": {},
    "fnMap": {},
    "branchMap": {},
    "s": {},
    "f": {},
    "b": {}
  },
  "/Users/princesanchez/canvas/canvas_modules/harness/cypress/e2e/canvas/context-menu.cy.js": {
    "path": "/Users/princesanchez/canvas/canvas_modules/harness/cypress/e2e/canvas/context-menu.cy.js",
    "statementMap": {},
    "fnMap": {},
    "branchMap": {},
    "s": {},
    "f": {},
    "b": {}
  },
  "/Users/princesanchez/canvas/canvas_modules/harness/cypress/e2e/canvas/context-toolbar.cy.js": {
    "path": "/Users/princesanchez/canvas/canvas_modules/harness/cypress/e2e/canvas/context-toolbar.cy.js",
    "statementMap": {},
    "fnMap": {},
    "branchMap": {},
    "s": {},
    "f": {},
    "b": {}
  },
  "/Users/princesanchez/canvas/canvas_modules/harness/cypress/e2e/canvas/decorators.cy.js": {
    "path": "/Users/princesanchez/canvas/canvas_modules/harness/cypress/e2e/canvas/decorators.cy.js",
    "statementMap": {},
    "fnMap": {},
    "branchMap": {},
    "s": {},
    "f": {},
    "b": {}
  },
  "/Users/princesanchez/canvas/canvas_modules/harness/cypress/e2e/canvas/drag.cy.js": {
    "path": "/Users/princesanchez/canvas/canvas_modules/harness/cypress/e2e/canvas/drag.cy.js",
    "statementMap": {},
    "fnMap": {},
    "branchMap": {},
    "s": {},
    "f": {},
    "b": {}
  },
  "/Users/princesanchez/canvas/canvas_modules/harness/cypress/e2e/canvas/error-marker.cy.js": {
    "path": "/Users/princesanchez/canvas/canvas_modules/harness/cypress/e2e/canvas/error-marker.cy.js",
    "statementMap": {},
    "fnMap": {},
    "branchMap": {},
    "s": {},
    "f": {},
    "b": {}
  },
  "/Users/princesanchez/canvas/canvas_modules/harness/cypress/e2e/canvas/external-drag-drop.cy.js": {
    "path": "/Users/princesanchez/canvas/canvas_modules/harness/cypress/e2e/canvas/external-drag-drop.cy.js",
    "statementMap": {},
    "fnMap": {},
    "branchMap": {},
    "s": {},
    "f": {},
    "b": {}
  },
  "/Users/princesanchez/canvas/canvas_modules/harness/cypress/e2e/canvas/extra-canvas.cy.js": {
    "path": "/Users/princesanchez/canvas/canvas_modules/harness/cypress/e2e/canvas/extra-canvas.cy.js",
    "statementMap": {},
    "fnMap": {},
    "branchMap": {},
    "s": {},
    "f": {},
    "b": {}
  },
  "/Users/princesanchez/canvas/canvas_modules/harness/cypress/e2e/canvas/link-replace.cy.js": {
    "path": "/Users/princesanchez/canvas/canvas_modules/harness/cypress/e2e/canvas/link-replace.cy.js",
    "statementMap": {},
    "fnMap": {},
    "branchMap": {},
    "s": {},
    "f": {},
    "b": {}
  },
  "/Users/princesanchez/canvas/canvas_modules/harness/cypress/e2e/canvas/links.cy.js": {
    "path": "/Users/princesanchez/canvas/canvas_modules/harness/cypress/e2e/canvas/links.cy.js",
    "statementMap": {},
    "fnMap": {},
    "branchMap": {},
    "s": {},
    "f": {},
    "b": {}
  },
  "/Users/princesanchez/canvas/canvas_modules/harness/cypress/e2e/canvas/node-cardinalities.cy.js": {
    "path": "/Users/princesanchez/canvas/canvas_modules/harness/cypress/e2e/canvas/node-cardinalities.cy.js",
    "statementMap": {},
    "fnMap": {},
    "branchMap": {},
    "s": {},
    "f": {},
    "b": {}
  },
  "/Users/princesanchez/canvas/canvas_modules/harness/cypress/e2e/canvas/node-exit-binding-output.cy.js": {
    "path": "/Users/princesanchez/canvas/canvas_modules/harness/cypress/e2e/canvas/node-exit-binding-output.cy.js",
    "statementMap": {},
    "fnMap": {},
    "branchMap": {},
    "s": {},
    "f": {},
    "b": {}
  },
  "/Users/princesanchez/canvas/canvas_modules/harness/cypress/e2e/canvas/node-insert-in-link.cy.js": {
    "path": "/Users/princesanchez/canvas/canvas_modules/harness/cypress/e2e/canvas/node-insert-in-link.cy.js",
    "statementMap": {},
    "fnMap": {},
    "branchMap": {},
    "s": {},
    "f": {},
    "b": {}
  },
  "/Users/princesanchez/canvas/canvas_modules/harness/cypress/e2e/canvas/node-labels.cy.js": {
    "path": "/Users/princesanchez/canvas/canvas_modules/harness/cypress/e2e/canvas/node-labels.cy.js",
    "statementMap": {},
    "fnMap": {},
    "branchMap": {},
    "s": {},
    "f": {},
    "b": {}
  },
  "/Users/princesanchez/canvas/canvas_modules/harness/cypress/e2e/canvas/node-single-port.cy.js": {
    "path": "/Users/princesanchez/canvas/canvas_modules/harness/cypress/e2e/canvas/node-single-port.cy.js",
    "statementMap": {},
    "fnMap": {},
    "branchMap": {},
    "s": {},
    "f": {},
    "b": {}
  },
  "/Users/princesanchez/canvas/canvas_modules/harness/cypress/e2e/canvas/nodes-resize.cy.js": {
    "path": "/Users/princesanchez/canvas/canvas_modules/harness/cypress/e2e/canvas/nodes-resize.cy.js",
    "statementMap": {},
    "fnMap": {},
    "branchMap": {},
    "s": {},
    "f": {},
    "b": {}
  },
  "/Users/princesanchez/canvas/canvas_modules/harness/cypress/e2e/canvas/nodes.cy.js": {
    "path": "/Users/princesanchez/canvas/canvas_modules/harness/cypress/e2e/canvas/nodes.cy.js",
    "statementMap": {},
    "fnMap": {},
    "branchMap": {},
    "s": {},
    "f": {},
    "b": {}
  },
  "/Users/princesanchez/canvas/canvas_modules/harness/cypress/e2e/canvas/notifications.cy.js": {
    "path": "/Users/princesanchez/canvas/canvas_modules/harness/cypress/e2e/canvas/notifications.cy.js",
    "statementMap": {},
    "fnMap": {},
    "branchMap": {},
    "s": {},
    "f": {},
    "b": {}
  },
  "/Users/princesanchez/canvas/canvas_modules/harness/cypress/e2e/canvas/palette.cy.js": {
    "path": "/Users/princesanchez/canvas/canvas_modules/harness/cypress/e2e/canvas/palette.cy.js",
    "statementMap": {},
    "fnMap": {},
    "branchMap": {},
    "s": {},
    "f": {},
    "b": {}
  },
  "/Users/princesanchez/canvas/canvas_modules/harness/cypress/e2e/canvas/ports.cy.js": {
    "path": "/Users/princesanchez/canvas/canvas_modules/harness/cypress/e2e/canvas/ports.cy.js",
    "statementMap": {},
    "fnMap": {},
    "branchMap": {},
    "s": {},
    "f": {},
    "b": {}
  },
  "/Users/princesanchez/canvas/canvas_modules/harness/cypress/e2e/canvas/security-xss.cy.js": {
    "path": "/Users/princesanchez/canvas/canvas_modules/harness/cypress/e2e/canvas/security-xss.cy.js",
    "statementMap": {},
    "fnMap": {},
    "branchMap": {},
    "s": {},
    "f": {},
    "b": {}
  },
  "/Users/princesanchez/canvas/canvas_modules/harness/cypress/e2e/canvas/selection-region.cy.js": {
    "path": "/Users/princesanchez/canvas/canvas_modules/harness/cypress/e2e/canvas/selection-region.cy.js",
    "statementMap": {},
    "fnMap": {},
    "branchMap": {},
    "s": {},
    "f": {},
    "b": {}
  },
  "/Users/princesanchez/canvas/canvas_modules/harness/cypress/e2e/canvas/snap-to-grid.cy.js": {
    "path": "/Users/princesanchez/canvas/canvas_modules/harness/cypress/e2e/canvas/snap-to-grid.cy.js",
    "statementMap": {},
    "fnMap": {},
    "branchMap": {},
    "s": {},
    "f": {},
    "b": {}
  },
  "/Users/princesanchez/canvas/canvas_modules/harness/cypress/e2e/canvas/supernode-external.cy.js": {
    "path": "/Users/princesanchez/canvas/canvas_modules/harness/cypress/e2e/canvas/supernode-external.cy.js",
    "statementMap": {},
    "fnMap": {},
    "branchMap": {},
    "s": {},
    "f": {},
    "b": {}
  },
  "/Users/princesanchez/canvas/canvas_modules/harness/cypress/e2e/canvas/supernode.cy.js": {
    "path": "/Users/princesanchez/canvas/canvas_modules/harness/cypress/e2e/canvas/supernode.cy.js",
    "statementMap": {},
    "fnMap": {},
    "branchMap": {},
    "s": {},
    "f": {},
    "b": {}
  },
  "/Users/princesanchez/canvas/canvas_modules/harness/cypress/e2e/canvas/tips.cy.js": {
    "path": "/Users/princesanchez/canvas/canvas_modules/harness/cypress/e2e/canvas/tips.cy.js",
    "statementMap": {},
    "fnMap": {},
    "branchMap": {},
    "s": {},
    "f": {},
    "b": {}
  },
  "/Users/princesanchez/canvas/canvas_modules/harness/cypress/e2e/canvas/toolbar.cy.js": {
    "path": "/Users/princesanchez/canvas/canvas_modules/harness/cypress/e2e/canvas/toolbar.cy.js",
    "statementMap": {},
    "fnMap": {},
    "branchMap": {},
    "s": {},
    "f": {},
    "b": {}
  },
  "/Users/princesanchez/canvas/canvas_modules/harness/cypress/e2e/canvas/top-panel.cy.js": {
    "path": "/Users/princesanchez/canvas/canvas_modules/harness/cypress/e2e/canvas/top-panel.cy.js",
    "statementMap": {},
    "fnMap": {},
    "branchMap": {},
    "s": {},
    "f": {},
    "b": {}
  },
  "/Users/princesanchez/canvas/canvas_modules/harness/cypress/e2e/canvas/undo-redo.cy.js": {
    "path": "/Users/princesanchez/canvas/canvas_modules/harness/cypress/e2e/canvas/undo-redo.cy.js",
    "statementMap": {},
    "fnMap": {},
    "branchMap": {},
    "s": {},
    "f": {},
    "b": {}
  },
  "/Users/princesanchez/canvas/canvas_modules/harness/cypress/e2e/canvas/zoom.cy.js": {
    "path": "/Users/princesanchez/canvas/canvas_modules/harness/cypress/e2e/canvas/zoom.cy.js",
    "statementMap": {},
    "fnMap": {},
    "branchMap": {},
    "s": {},
    "f": {},
    "b": {}
  },
  "/Users/princesanchez/canvas/canvas_modules/harness/cypress/e2e/properties/actions.cy.js": {
    "path": "/Users/princesanchez/canvas/canvas_modules/harness/cypress/e2e/properties/actions.cy.js",
    "statementMap": {},
    "fnMap": {},
    "branchMap": {},
    "s": {},
    "f": {},
    "b": {}
  },
  "/Users/princesanchez/canvas/canvas_modules/harness/cypress/e2e/properties/custom-controls.cy.js": {
    "path": "/Users/princesanchez/canvas/canvas_modules/harness/cypress/e2e/properties/custom-controls.cy.js",
    "statementMap": {},
    "fnMap": {},
    "branchMap": {},
    "s": {},
    "f": {},
    "b": {}
  },
  "/Users/princesanchez/canvas/canvas_modules/harness/cypress/e2e/properties/expression-control.cy.js": {
    "path": "/Users/princesanchez/canvas/canvas_modules/harness/cypress/e2e/properties/expression-control.cy.js",
    "statementMap": {},
    "fnMap": {},
    "branchMap": {},
    "s": {},
    "f": {},
    "b": {}
  },
  "/Users/princesanchez/canvas/canvas_modules/harness/cypress/e2e/properties/properties-tooltips.cy.js": {
    "path": "/Users/princesanchez/canvas/canvas_modules/harness/cypress/e2e/properties/properties-tooltips.cy.js",
    "statementMap": {},
    "fnMap": {},
    "branchMap": {},
    "s": {},
    "f": {},
    "b": {}
  },
  "/Users/princesanchez/canvas/canvas_modules/harness/cypress/e2e/properties/readonly-controls.cy.js": {
    "path": "/Users/princesanchez/canvas/canvas_modules/harness/cypress/e2e/properties/readonly-controls.cy.js",
    "statementMap": {},
    "fnMap": {},
    "branchMap": {},
    "s": {},
    "f": {},
    "b": {}
  },
  "/Users/princesanchez/canvas/canvas_modules/harness/cypress/e2e/properties/structure-list-editor-table-control.cy.js": {
    "path": "/Users/princesanchez/canvas/canvas_modules/harness/cypress/e2e/properties/structure-list-editor-table-control.cy.js",
    "statementMap": {},
    "fnMap": {},
    "branchMap": {},
    "s": {},
    "f": {},
    "b": {}
  },
  "/Users/princesanchez/canvas/canvas_modules/harness/cypress/e2e/properties/structure-table-control.cy.js": {
    "path": "/Users/princesanchez/canvas/canvas_modules/harness/cypress/e2e/properties/structure-table-control.cy.js",
    "statementMap": {},
    "fnMap": {},
    "branchMap": {},
    "s": {},
    "f": {},
    "b": {}
  },
  "/Users/princesanchez/canvas/canvas_modules/harness/cypress/e2e/properties/title-editor.cy.js": {
    "path": "/Users/princesanchez/canvas/canvas_modules/harness/cypress/e2e/properties/title-editor.cy.js",
    "statementMap": {},
    "fnMap": {},
    "branchMap": {},
    "s": {},
    "f": {},
    "b": {}
  }
}
